2023-05-22 19:18:46,678 - __main__ - INFO - Successfully received, parsed and handled results!
2023-05-27 19:07:36,514 - __main__ - INFO - Successfully received, parsed and handled results!
2023-06-03 19:08:56,370 - __main__ - INFO - Successfully received, parsed and handled results!
2023-06-10 19:08:05,914 - __main__ - INFO - Successfully received, parsed and handled results!
2023-06-17 19:07:53,583 - __main__ - INFO - Successfully received, parsed and handled results!
2023-06-18 16:24:51,984 - __main__ - INFO - Successfully received, parsed and handled results!
2023-06-24 19:09:05,943 - __main__ - INFO - Successfully received, parsed and handled results!
2023-07-01 19:08:17,931 - __main__ - INFO - Successfully received, parsed and handled result, score was: {'1': 'nothing', '2': 'nothing', '3': 'nothing', '4': 'nothing', '5': 'nothing', '6': 'is_4_correct', '7': 'nothing', '8': 'nothing', '9': 'nothing', '10': 'nothing'}
2023-07-08 19:08:31,463 - __main__ - INFO - Successfully received, parsed and handled result, score was: {'1': 'nothing', '2': 'nothing', '3': 'nothing', '4': 'nothing', '5': 'nothing', '6': 'nothing', '7': 'nothing', '8': 'nothing', '9': 'nothing', '10': 'nothing'}
2023-07-15 19:08:27,146 - __main__ - INFO - Successfully received, parsed and handled result, score was: {'1': 'nothing', '2': 'nothing', '3': 'nothing', '4': 'nothing', '5': 'nothing', '6': 'nothing', '7': 'nothing', '8': 'nothing', '9': 'nothing', '10': 'nothing'}
2023-07-22 19:07:29,313 - __main__ - INFO - Successfully received, parsed and handled result, score was: {'1': 'nothing', '2': 'nothing', '3': 'nothing', '4': 'nothing', '5': 'nothing', '6': 'nothing', '7': 'nothing', '8': 'nothing', '9': 'nothing', '10': 'nothing'}
2023-07-29 19:07:25,994 - __main__ - INFO - Successfully received, parsed and handled result, score was: {'1': 'nothing', '2': 'nothing', '3': 'nothing', '4': 'nothing', '5': 'nothing', '6': 'nothing', '7': 'nothing', '8': 'nothing', '9': 'nothing', '10': 'nothing'}
2023-08-05 19:07:29,861 - __main__ - INFO - Successfully received, parsed and handled result, score was: {'1': 'nothing', '2': 'nothing', '3': 'nothing', '4': 'nothing', '5': 'nothing', '6': 'nothing', '7': 'nothing', '8': 'nothing', '9': 'nothing', '10': 'nothing'}
2023-08-12 19:07:18,093 - __main__ - INFO - Successfully received, parsed and handled result, score was: {'1': 'nothing', '2': 'nothing', '3': 'nothing', '4': 'nothing', '5': 'nothing', '6': 'nothing', '7': 'nothing', '8': 'nothing', '9': 'nothing', '10': 'nothing'}
2023-08-19 19:07:12,891 - __main__ - INFO - Successfully received, parsed and handled result, score was: {'1': 'nothing', '2': 'is_4_correct', '3': 'nothing', '4': 'nothing', '5': 'nothing', '6': 'nothing', '7': 'nothing', '8': 'nothing', '9': 'nothing', '10': 'nothing'}
2023-08-26 19:07:33,948 - __main__ - INFO - Successfully received, parsed and handled result, score was: {'1': 'nothing', '2': 'nothing', '3': 'nothing', '4': 'nothing', '5': 'nothing', '6': 'nothing', '7': 'nothing', '8': 'nothing', '9': 'nothing', '10': 'nothing'}
2023-09-02 19:07:19,135 - __main__ - INFO - Successfully received, parsed and handled result, score was: {'1': 'nothing', '2': 'nothing', '3': 'nothing', '4': 'nothing', '5': 'nothing', '6': 'nothing', '7': 'nothing', '8': 'nothing', '9': 'nothing', '10': 'nothing'}
2023-09-09 19:07:30,200 - __main__ - INFO - Successfully received, parsed and handled result, score was: {'1': 'nothing', '2': 'nothing', '3': 'nothing', '4': 'nothing', '5': 'nothing', '6': 'is_4_correct', '7': 'nothing', '8': 'nothing', '9': 'nothing', '10': 'nothing'}
2023-09-16 19:07:56,655 - __main__ - INFO - Successfully received, parsed and handled result, score was: {'1': 'nothing', '2': 'nothing', '3': 'nothing', '4': 'nothing', '5': 'nothing', '6': 'nothing', '7': 'nothing', '8': 'nothing', '9': 'nothing', '10': 'nothing'}
2023-09-23 19:07:26,629 - __main__ - INFO - Successfully received, parsed and handled result, score was: {'1': 'nothing', '2': 'nothing', '3': 'nothing', '4': 'nothing', '5': 'nothing', '6': 'nothing', '7': 'nothing', '8': 'is_4_correct', '9': 'nothing', '10': 'nothing'}
2023-09-30 19:07:16,316 - __main__ - INFO - Successfully received, parsed and handled result, score was: {'1': 'nothing', '2': 'nothing', '3': 'nothing', '4': 'nothing', '5': 'nothing', '6': 'nothing', '7': 'nothing', '8': 'nothing', '9': 'nothing', '10': 'nothing'}
2023-10-07 19:07:34,281 - __main__ - INFO - Successfully received, parsed and handled result, score was: {'1': 'nothing', '2': 'nothing', '3': 'nothing', '4': 'nothing', '5': 'nothing', '6': 'nothing', '7': 'nothing', '8': 'nothing', '9': 'nothing', '10': 'nothing'}
2023-10-14 19:07:40,684 - __main__ - INFO - Successfully received, parsed and handled result, score was: {'1': 'nothing', '2': 'nothing', '3': 'nothing', '4': 'nothing', '5': 'nothing', '6': 'nothing', '7': 'nothing', '8': 'nothing', '9': 'nothing', '10': 'nothing'}
2023-10-21 19:07:32,673 - __main__ - INFO - Successfully received, parsed and handled result, score was: {'1': 'nothing', '2': 'nothing', '3': 'nothing', '4': 'nothing', '5': 'nothing', '6': 'nothing', '7': 'nothing', '8': 'nothing', '9': 'nothing', '10': 'nothing'}
2023-10-28 19:07:26,575 - __main__ - INFO - Successfully received, parsed and handled result, score was: {'1': 'nothing', '2': 'nothing', '3': 'nothing', '4': 'nothing', '5': 'nothing', '6': 'nothing', '7': 'nothing', '8': 'nothing', '9': 'nothing', '10': 'nothing'}
2023-11-04 19:07:46,481 - __main__ - INFO - Successfully received, parsed and handled result, score was: {'1': 'nothing', '2': 'nothing', '3': 'nothing', '4': 'nothing', '5': 'nothing', '6': 'nothing', '7': 'nothing', '8': 'nothing', '9': 'nothing', '10': 'nothing'}
2023-11-11 19:07:41,406 - __main__ - INFO - Successfully received, parsed and handled result, score was: {'1': 'nothing', '2': 'nothing', '3': 'nothing', '4': 'is_4_correct', '5': 'nothing', '6': 'nothing', '7': 'nothing', '8': 'nothing', '9': 'nothing', '10': 'nothing'}
2023-11-18 19:08:05,980 - __main__ - INFO - Successfully received, parsed and handled result, score was: {'1': 'nothing', '2': 'nothing', '3': 'nothing', '4': 'nothing', '5': 'nothing', '6': 'nothing', '7': 'nothing', '8': 'nothing', '9': 'nothing', '10': 'nothing'}
2023-11-25 19:07:48,111 - __main__ - INFO - Successfully received, parsed and handled result, score was: {'1': 'nothing', '2': 'is_4_correct', '3': 'nothing', '4': 'nothing', '5': 'nothing', '6': 'nothing', '7': 'is_4_correct', '8': 'nothing', '9': 'nothing', '10': 'nothing'}
2023-12-02 19:08:47,218 - __main__ - INFO - Successfully received, parsed and handled result, score was: {'1': 'nothing', '2': 'nothing', '3': 'nothing', '4': 'nothing', '5': 'nothing', '6': 'nothing', '7': 'nothing', '8': 'nothing', '9': 'nothing', '10': 'nothing'}
2023-12-09 19:07:55,025 - __main__ - INFO - Successfully received, parsed and handled result, score was: {'1': 'nothing', '2': 'is_4_correct', '3': 'nothing', '4': 'nothing', '5': 'nothing', '6': 'nothing', '7': 'nothing', '8': 'nothing', '9': 'nothing', '10': 'nothing'}
